0 info it worked if it ends with ok
1 verbose cli [ 'C:\\Program Files\\nodejs\\node.exe',
1 verbose cli   'C:\\Program Files\\nodejs\\node_modules\\npm\\bin\\npm-cli.js',
1 verbose cli   'install',
1 verbose cli   'everlive-sdk' ]
2 info using npm@2.14.12
3 info using node@v4.2.4
4 verbose install initial load of C:\Users\iilant\Desktop\MapTrip\MapTrip\MapTrip\package.json
5 warn package.json @ No repository field.
6 warn package.json @ No license field.
7 verbose installManyTop reading scoped package data from C:\Users\iilant\Desktop\MapTrip\MapTrip\MapTrip\node_modules\nativescript-geolocation\package.json
8 verbose installManyTop reading scoped package data from C:\Users\iilant\Desktop\MapTrip\MapTrip\MapTrip\node_modules\tns-core-modules\package.json
9 info package.json nativescript-geolocation@0.0.8 No repository field.
10 info package.json nativescript-geolocation@0.0.8 No license field.
11 verbose readDependencies loading dependencies from C:\Users\iilant\Desktop\MapTrip\MapTrip\MapTrip\package.json
12 silly cache add args [ 'everlive-sdk', null ]
13 verbose cache add spec everlive-sdk
14 silly cache add parsed spec Result {
14 silly cache add   raw: 'everlive-sdk',
14 silly cache add   scope: null,
14 silly cache add   name: 'everlive-sdk',
14 silly cache add   rawSpec: '',
14 silly cache add   spec: 'latest',
14 silly cache add   type: 'tag' }
15 silly addNamed everlive-sdk@latest
16 verbose addNamed "latest" is being treated as a dist-tag for everlive-sdk
17 info addNameTag [ 'everlive-sdk', 'latest' ]
18 silly mapToRegistry name everlive-sdk
19 silly mapToRegistry using default registry
20 silly mapToRegistry registry https://registry.npmjs.org/
21 silly mapToRegistry uri https://registry.npmjs.org/everlive-sdk
22 verbose addNameTag registry:https://registry.npmjs.org/everlive-sdk not in flight; fetching
23 verbose request uri https://registry.npmjs.org/everlive-sdk
24 verbose request no auth needed
25 info attempt registry request try #1 at 6:21:02 PM
26 verbose request id e7efc832f276765e
27 http request GET https://registry.npmjs.org/everlive-sdk
28 http 200 https://registry.npmjs.org/everlive-sdk
29 verbose headers { server: 'CouchDB/1.5.0 (Erlang OTP/R16B03)',
29 verbose headers   etag: '"19JQFMP9R15JP70HLAMV0Z0HA"',
29 verbose headers   'content-type': 'application/json',
29 verbose headers   'cache-control': 'max-age=300',
29 verbose headers   'content-length': '56480',
29 verbose headers   'accept-ranges': 'bytes',
29 verbose headers   date: 'Sat, 20 Feb 2016 16:21:10 GMT',
29 verbose headers   via: '1.1 varnish',
29 verbose headers   age: '0',
29 verbose headers   connection: 'keep-alive',
29 verbose headers   'x-served-by': 'cache-fra1240-FRA',
29 verbose headers   'x-cache': 'MISS',
29 verbose headers   'x-cache-hits': '0',
29 verbose headers   'x-timer': 'S1455985269.717480,VS0,VE1099',
29 verbose headers   vary: 'Accept' }
30 silly get cb [ 200,
30 silly get   { server: 'CouchDB/1.5.0 (Erlang OTP/R16B03)',
30 silly get     etag: '"19JQFMP9R15JP70HLAMV0Z0HA"',
30 silly get     'content-type': 'application/json',
30 silly get     'cache-control': 'max-age=300',
30 silly get     'content-length': '56480',
30 silly get     'accept-ranges': 'bytes',
30 silly get     date: 'Sat, 20 Feb 2016 16:21:10 GMT',
30 silly get     via: '1.1 varnish',
30 silly get     age: '0',
30 silly get     connection: 'keep-alive',
30 silly get     'x-served-by': 'cache-fra1240-FRA',
30 silly get     'x-cache': 'MISS',
30 silly get     'x-cache-hits': '0',
30 silly get     'x-timer': 'S1455985269.717480,VS0,VE1099',
30 silly get     vary: 'Accept' } ]
31 verbose get saving everlive-sdk to C:\Users\iilant\AppData\Roaming\npm-cache\registry.npmjs.org\everlive-sdk\.cache.json
32 silly addNameTag next cb for everlive-sdk with tag latest
33 silly addNamed everlive-sdk@1.6.6
34 verbose addNamed "1.6.6" is a plain semver version for everlive-sdk
35 silly mapToRegistry name everlive-sdk
36 silly mapToRegistry using default registry
37 silly mapToRegistry registry https://registry.npmjs.org/
38 silly mapToRegistry uri https://registry.npmjs.org/everlive-sdk
39 verbose addRemoteTarball https://registry.npmjs.org/everlive-sdk/-/everlive-sdk-1.6.6.tgz not in flight; adding
40 verbose addRemoteTarball [ 'https://registry.npmjs.org/everlive-sdk/-/everlive-sdk-1.6.6.tgz',
40 verbose addRemoteTarball   'ba222f6f7d427df26841755e4e38b26837b6af58' ]
41 info retry fetch attempt 1 at 6:21:03 PM
42 info attempt registry request try #1 at 6:21:03 PM
43 http fetch GET https://registry.npmjs.org/everlive-sdk/-/everlive-sdk-1.6.6.tgz
44 http fetch 200 https://registry.npmjs.org/everlive-sdk/-/everlive-sdk-1.6.6.tgz
45 silly fetchAndShaCheck shasum ba222f6f7d427df26841755e4e38b26837b6af58
46 verbose addTmpTarball C:\Users\iilant\AppData\Local\Temp\npm-12796-bea44cb7\registry.npmjs.org\everlive-sdk\-\everlive-sdk-1.6.6.tgz not in flight; adding
47 verbose addTmpTarball already have metadata; skipping unpack for everlive-sdk@1.6.6
48 silly cache afterAdd everlive-sdk@1.6.6
49 verbose afterAdd C:\Users\iilant\AppData\Roaming\npm-cache\everlive-sdk\1.6.6\package\package.json not in flight; writing
50 verbose afterAdd C:\Users\iilant\AppData\Roaming\npm-cache\everlive-sdk\1.6.6\package\package.json written
51 silly install resolved [ { name: 'everlive-sdk',
51 silly install resolved     description: 'Everlive SDK for Node.js',
51 silly install resolved     author: { name: 'Telerik' },
51 silly install resolved     homepage: 'http://www.telerik.com/everlive',
51 silly install resolved     version: '1.6.6',
51 silly install resolved     nativescript: { platforms: [Object] },
51 silly install resolved     scripts: { test: 'grunt test' },
51 silly install resolved     dependencies:
51 silly install resolved      { jstimezonedetect: '1.0.5',
51 silly install resolved        mingo: 'github:vdininski/mingo',
51 silly install resolved        'mongo-query': '0.5.7',
51 silly install resolved        'node-cryptojs-aes': '0.4.0',
51 silly install resolved        'node-localstorage': '0.5.1',
51 silly install resolved        reqwest: '1.1.5',
51 silly install resolved        rsvp: '3.0.17',
51 silly install resolved        underscore: '1.8.2',
51 silly install resolved        'json-stable-stringify': '1.0.0' },
51 silly install resolved     engines: { node: '>=0.8.1' },
51 silly install resolved     private: false,
51 silly install resolved     main: './src/index.js',
51 silly install resolved     devDependencies:
51 silly install resolved      { async: '^0.9.0',
51 silly install resolved        browserify: '^9.0.3',
51 silly install resolved        chai: '2.1.0',
51 silly install resolved        cheerio: '^0.19.0',
51 silly install resolved        'fs-extra': '^0.18.0',
51 silly install resolved        grunt: '^0.4.5',
51 silly install resolved        'grunt-browserify': '^3.5.1',
51 silly install resolved        'grunt-contrib-compress': '^0.13.0',
51 silly install resolved        'grunt-contrib-concat': '^0.5.1',
51 silly install resolved        'grunt-contrib-connect': '0.10.1',
51 silly install resolved        'grunt-contrib-copy': '^0.8.0',
51 silly install resolved        'grunt-contrib-uglify': '^0.8.0',
51 silly install resolved        'grunt-contrib-watch': '^0.6.1',
51 silly install resolved        'grunt-env': '0.4.4',
51 silly install resolved        'grunt-exorcise': '^2.0.0',
51 silly install resolved        'grunt-file-append': '0.0.6',
51 silly install resolved        'grunt-mocha-phantomjs': '0.6.1',
51 silly install resolved        'grunt-shell-spawn': '^0.3.2',
51 silly install resolved        'grunt-wrap': '^0.3.0',
51 silly install resolved        mocha: '2.1.0',
51 silly install resolved        phantomjs: '^1.9.15',
51 silly install resolved        request: '2.21.0',
51 silly install resolved        'uglify-save-license': '^0.4.1',
51 silly install resolved        upath: '^0.1.5' },
51 silly install resolved     repository: '',
51 silly install resolved     license: 'Telerik',
51 silly install resolved     gitHead: '798871795e6416adfbf3e5cdd10da64c7cf6d524',
51 silly install resolved     _id: 'everlive-sdk@1.6.6',
51 silly install resolved     _shasum: 'ba222f6f7d427df26841755e4e38b26837b6af58',
51 silly install resolved     _from: 'everlive-sdk@latest',
51 silly install resolved     _npmVersion: '2.11.3',
51 silly install resolved     _nodeVersion: '0.12.7',
51 silly install resolved     _npmUser:
51 silly install resolved      { name: 'everlive-system',
51 silly install resolved        email: 'alexander.filipov@telerik.com' },
51 silly install resolved     dist:
51 silly install resolved      { shasum: 'ba222f6f7d427df26841755e4e38b26837b6af58',
51 silly install resolved        tarball: 'http://registry.npmjs.org/everlive-sdk/-/everlive-sdk-1.6.6.tgz' },
51 silly install resolved     maintainers: [ [Object] ],
51 silly install resolved     _npmOperationalInternal:
51 silly install resolved      { host: 'packages-6-west.internal.npmjs.com',
51 silly install resolved        tmp: 'tmp/everlive-sdk-1.6.6.tgz_1455543677625_0.8186214687302709' },
51 silly install resolved     directories: {},
51 silly install resolved     _resolved: 'https://registry.npmjs.org/everlive-sdk/-/everlive-sdk-1.6.6.tgz' } ]
52 info install everlive-sdk@1.6.6 into C:\Users\iilant\Desktop\MapTrip\MapTrip\MapTrip
53 info installOne everlive-sdk@1.6.6
54 verbose installOne of everlive-sdk to C:\Users\iilant\Desktop\MapTrip\MapTrip\MapTrip not in flight; installing
55 verbose lock using C:\Users\iilant\AppData\Roaming\npm-cache\_locks\everlive-sdk-019eed9c73bb0552.lock for C:\Users\iilant\Desktop\MapTrip\MapTrip\MapTrip\node_modules\everlive-sdk
56 silly install write writing everlive-sdk 1.6.6 to C:\Users\iilant\Desktop\MapTrip\MapTrip\MapTrip\node_modules\everlive-sdk
57 verbose unbuild node_modules\everlive-sdk
58 silly gentlyRm C:\Users\iilant\Desktop\MapTrip\MapTrip\MapTrip\node_modules\everlive-sdk is being purged from base C:\Users\iilant\Desktop\MapTrip\MapTrip\MapTrip
59 verbose gentlyRm don't care about contents; nuking C:\Users\iilant\Desktop\MapTrip\MapTrip\MapTrip\node_modules\everlive-sdk
60 verbose tar unpack C:\Users\iilant\AppData\Roaming\npm-cache\everlive-sdk\1.6.6\package.tgz
61 verbose tar unpacking to C:\Users\iilant\Desktop\MapTrip\MapTrip\MapTrip\node_modules\everlive-sdk
62 silly gentlyRm C:\Users\iilant\Desktop\MapTrip\MapTrip\MapTrip\node_modules\everlive-sdk is being purged
63 verbose gentlyRm don't care about contents; nuking C:\Users\iilant\Desktop\MapTrip\MapTrip\MapTrip\node_modules\everlive-sdk
64 silly gunzTarPerm modes [ '777', '666' ]
65 silly gunzTarPerm extractEntry package.json
66 silly gunzTarPerm extractEntry .npmignore
67 silly gunzTarPerm extractEntry README.md
68 silly gunzTarPerm extractEntry Gruntfile.js
69 silly gunzTarPerm extractEntry .idea/.name
70 silly gunzTarPerm extractEntry .idea/everlive-js-sdk.iml
71 silly gunzTarPerm extractEntry .idea/jsLibraryMappings.xml
72 silly gunzTarPerm extractEntry .idea/libraries/everlive_js_sdk_node_modules.xml
73 silly gunzTarPerm extractEntry .idea/misc.xml
74 silly gunzTarPerm extractEntry .idea/modules.xml
75 silly gunzTarPerm extractEntry .idea/vcs.xml
76 silly gunzTarPerm extractEntry .idea/workspace.xml
77 silly gunzTarPerm extractEntry el_store/everliveOfflineStorage_h0xvrloxlxt1dps1_TypeWith60Items
78 silly gunzTarPerm extractEntry el_store/everliveOfflineStorage_0ghper8kxhy44xdk%40ContentTypes
79 silly gunzTarPerm extractEntry el_store/everliveOfflineStorage_0ghper8kxhy44xdk_Comments
80 silly gunzTarPerm extractEntry el_store/everliveOfflineStorage_0ghper8kxhy44xdk_TypeWith60Items
81 silly gunzTarPerm extractEntry el_store/everliveOfflineStorage_0ghper8kxhy44xdk_Users
82 silly gunzTarPerm extractEntry el_store/everliveOfflineStorage_2qoxrgf0a5w9jgfu%40ContentTypes
83 silly gunzTarPerm extractEntry el_store/everliveOfflineStorage_2qoxrgf0a5w9jgfu_Activities
84 silly gunzTarPerm extractEntry el_store/everliveOfflineStorage_2qoxrgf0a5w9jgfu_Comments
85 silly gunzTarPerm extractEntry el_store/everliveOfflineStorage_2qoxrgf0a5w9jgfu_TypeWith60Items
86 silly gunzTarPerm extractEntry el_store/everliveOfflineStorage_2qoxrgf0a5w9jgfu_Users
87 silly gunzTarPerm extractEntry el_store/everliveOfflineStorage_7e3jlwy3m17vlz74%40ContentTypes
88 silly gunzTarPerm extractEntry el_store/everliveOfflineStorage_7e3jlwy3m17vlz74_Activities
89 silly gunzTarPerm extractEntry el_store/everliveOfflineStorage_7e3jlwy3m17vlz74_Comments
90 silly gunzTarPerm extractEntry el_store/everliveOfflineStorage_7e3jlwy3m17vlz74_TypeWith60Items
91 silly gunzTarPerm extractEntry el_store/everliveOfflineStorage_7e3jlwy3m17vlz74_Users
92 silly gunzTarPerm extractEntry el_store/everliveOfflineStorage_PR8pBEQMcJzH8eAk%40ContentTypes
93 silly gunzTarPerm extractEntry el_store/everliveOfflineStorage_PR8pBEQMcJzH8eAk_EmailSubscribers
94 silly gunzTarPerm extractEntry el_store/everliveOfflineStorage_h0xvrloxlxt1dps1%40ContentTypes
95 silly gunzTarPerm extractEntry el_store/everliveOfflineStorage_h0xvrloxlxt1dps1_Activities
96 silly gunzTarPerm extractEntry el_store/everliveOfflineStorage_h0xvrloxlxt1dps1_Comments
97 silly gunzTarPerm extractEntry el_store/everliveOfflineStorage_0ghper8kxhy44xdk_Activities
98 silly gunzTarPerm extractEntry el_store/everliveOfflineStorage_h0xvrloxlxt1dps1_Users
99 silly gunzTarPerm extractEntry el_store/everliveOfflineStorage_us61wofv2ph2y00f%40ContentTypes
100 silly gunzTarPerm extractEntry el_store/everliveOfflineStorage_us61wofv2ph2y00f_Activities
101 silly gunzTarPerm extractEntry el_store/everliveOfflineStorage_us61wofv2ph2y00f_Comments
102 silly gunzTarPerm extractEntry el_store/everliveOfflineStorage_us61wofv2ph2y00f_TypeWith60Items
103 silly gunzTarPerm extractEntry el_store/everliveOfflineStorage_us61wofv2ph2y00f_Users
104 silly gunzTarPerm extractEntry el_store/everliveOfflineStorage_wuu7zkykr39yhsro%40ContentTypes
105 silly gunzTarPerm extractEntry el_store/everliveOfflineStorage_wuu7zkykr39yhsro_Activities
106 silly gunzTarPerm extractEntry el_store/everliveOfflineStorage_wuu7zkykr39yhsro_Comments
107 silly gunzTarPerm extractEntry el_store/everliveOfflineStorage_wuu7zkykr39yhsro_TypeWith60Items
108 silly gunzTarPerm extractEntry el_store/everliveOfflineStorage_wuu7zkykr39yhsro_Users
109 silly gunzTarPerm extractEntry el_store/everliveOfflineStorage_x8dtjv1gi4nvlo6y%40ContentTypes
110 silly gunzTarPerm extractEntry el_store/everliveOfflineStorage_x8dtjv1gi4nvlo6y_Activities
111 silly gunzTarPerm extractEntry el_store/everliveOfflineStorage_x8dtjv1gi4nvlo6y_Comments
112 silly gunzTarPerm extractEntry el_store/everliveOfflineStorage_x8dtjv1gi4nvlo6y_TypeWith60Items
113 silly gunzTarPerm extractEntry el_store/everliveOfflineStorage_x8dtjv1gi4nvlo6y_Users
114 silly gunzTarPerm extractEntry el_store/someStorage%40ContentTypes
115 silly gunzTarPerm extractEntry el_store/someStorage_EmailSubscribers
116 silly gunzTarPerm extractEntry el_store/someStorage_Users
117 silly gunzTarPerm extractEntry license
118 silly gunzTarPerm extractEntry scripts/bs-aggregation-translator/package.json
119 silly gunzTarPerm extractEntry scripts/bs-aggregation-translator/index.js
120 silly gunzTarPerm extractEntry scripts/bs-expand-processor/package.json
121 silly gunzTarPerm extractEntry scripts/bs-expand-processor/.npmignore
122 silly gunzTarPerm extractEntry scripts/bs-expand-processor/Constants.js
123 silly gunzTarPerm extractEntry scripts/bs-expand-processor/ExecutionTree.js
124 silly gunzTarPerm extractEntry scripts/bs-expand-processor/ExpandError.js
125 silly gunzTarPerm extractEntry scripts/bs-expand-processor/Processor.js
126 silly gunzTarPerm extractEntry scripts/bs-expand-processor/RelationNode.js
127 silly gunzTarPerm extractEntry scripts/bs-expand-processor/RelationTreeBuilder.js
128 silly gunzTarPerm extractEntry scripts/bs-expand-processor/expand.processor.all.js
129 silly gunzTarPerm extractEntry src/AutoQueue.js
130 silly gunzTarPerm extractEntry src/Expression.js
131 silly gunzTarPerm extractEntry src/GeoPoint.js
132 silly gunzTarPerm extractEntry src/Push.js
133 silly gunzTarPerm extractEntry src/Request.js
134 silly gunzTarPerm extractEntry src/ExpandProcessor.js
135 silly gunzTarPerm extractEntry src/reqwest.nodejs.js
136 silly gunzTarPerm extractEntry src/reqwest.nativescript.js
137 silly gunzTarPerm extractEntry src/common.js
138 silly gunzTarPerm extractEntry src/constants.js
139 silly gunzTarPerm extractEntry src/EventEmitterProxy.js
140 silly gunzTarPerm extractEntry src/EverliveError.js
141 silly gunzTarPerm extractEntry src/index.js
142 silly gunzTarPerm extractEntry src/Everlive.js
143 silly gunzTarPerm extractEntry src/everlive.platform.js
144 silly gunzTarPerm extractEntry src/Setup.js
145 silly gunzTarPerm extractEntry src/utils.js
146 silly gunzTarPerm extractEntry src/query/AggregateQuery.js
147 silly gunzTarPerm extractEntry src/query/DataQuery.js
148 silly gunzTarPerm extractEntry src/query/EventQuery.js
149 silly gunzTarPerm extractEntry src/query/Query.js
150 silly gunzTarPerm extractEntry src/query/QueryBuilder.js
151 silly gunzTarPerm extractEntry src/query/RequestOptionsBuilder.js
152 silly gunzTarPerm extractEntry src/query/WhereQuery.js
153 silly gunzTarPerm extractEntry src/helpers/helpers.js
154 silly gunzTarPerm extractEntry src/helpers/html/htmlHelper.js
155 silly gunzTarPerm extractEntry src/helpers/html/htmlHelperOfflineModule.js
156 silly gunzTarPerm extractEntry src/helpers/html/htmlHelperResponsiveModule.js
157 silly gunzTarPerm extractEntry src/kendo/kendo.everlive.js
158 silly gunzTarPerm extractEntry src/mixins/mixins.js
159 silly gunzTarPerm extractEntry src/mixins/underscoreCompactObject.js
160 silly gunzTarPerm extractEntry src/mixins/underscoreDeepExtend.js
161 silly gunzTarPerm extractEntry src/mixins/underscoreIsObjectEmpty.js
162 silly gunzTarPerm extractEntry src/offline/OfflineFilesModule.js
163 silly gunzTarPerm extractEntry src/offline/OfflineFilesProcessor.js
164 silly gunzTarPerm extractEntry src/offline/OfflineQueryProcessor.js
165 silly gunzTarPerm extractEntry src/offline/OfflineStorageModule.js
166 silly gunzTarPerm extractEntry src/offline/offline.js
167 silly gunzTarPerm extractEntry src/offline/offlinePersisters.js
168 silly gunzTarPerm extractEntry src/offline/offlineTransformations.js
169 silly gunzTarPerm extractEntry src/offline/persisters/BasePersister.js
170 silly gunzTarPerm extractEntry src/offline/persisters/FileSystemPersister.js
171 silly gunzTarPerm extractEntry src/offline/persisters/LocalStoragePersister.js
172 silly gunzTarPerm extractEntry src/push/CordovaCurrentDevice.js
173 silly gunzTarPerm extractEntry src/push/CurrentDevice.js
174 silly gunzTarPerm extractEntry src/push/NativeScriptCurrentDevice.js
175 silly gunzTarPerm extractEntry src/encryption/CryptographicProvider.js
176 silly gunzTarPerm extractEntry src/caching/CacheModule.js
177 silly gunzTarPerm extractEntry src/caching/caching.js
178 silly gunzTarPerm extractEntry src/auth/Authentication.js
179 silly gunzTarPerm extractEntry src/auth/AuthenticationSetup.js
180 silly gunzTarPerm extractEntry src/storages/FileStore.js
181 silly gunzTarPerm extractEntry src/storages/LocalStore.js
182 silly gunzTarPerm extractEntry src/storages/NativeScriptFileStore.js
183 silly gunzTarPerm extractEntry src/storages/WebFileStore.js
184 silly gunzTarPerm extractEntry src/types/Data.js
185 silly gunzTarPerm extractEntry src/types/Files.js
186 silly gunzTarPerm extractEntry src/types/Users.js
187 silly gunzTarPerm extractEntry src/docs/callbacks.js
188 silly gunzTarPerm extractEntry src/docs/resultTypes.js
189 verbose write writing to C:\Users\iilant\Desktop\MapTrip\MapTrip\MapTrip\node_modules\everlive-sdk\package.json
190 info preinstall everlive-sdk@1.6.6
191 verbose readDependencies loading dependencies from C:\Users\iilant\Desktop\MapTrip\MapTrip\MapTrip\node_modules\everlive-sdk\package.json
192 silly prepareForInstallMany adding jstimezonedetect@1.0.5 from everlive-sdk dependencies
193 silly prepareForInstallMany adding mingo@github:vdininski/mingo from everlive-sdk dependencies
194 silly prepareForInstallMany adding mongo-query@0.5.7 from everlive-sdk dependencies
195 silly prepareForInstallMany adding node-cryptojs-aes@0.4.0 from everlive-sdk dependencies
196 silly prepareForInstallMany adding node-localstorage@0.5.1 from everlive-sdk dependencies
197 silly prepareForInstallMany adding reqwest@1.1.5 from everlive-sdk dependencies
198 silly prepareForInstallMany adding rsvp@3.0.17 from everlive-sdk dependencies
199 silly prepareForInstallMany adding underscore@1.8.2 from everlive-sdk dependencies
200 silly prepareForInstallMany adding json-stable-stringify@1.0.0 from everlive-sdk dependencies
201 verbose readDependencies loading dependencies from C:\Users\iilant\Desktop\MapTrip\MapTrip\MapTrip\node_modules\everlive-sdk\package.json
202 silly cache add args [ 'mongo-query@0.5.7', null ]
203 verbose cache add spec mongo-query@0.5.7
204 silly cache add parsed spec Result {
204 silly cache add   raw: 'mongo-query@0.5.7',
204 silly cache add   scope: null,
204 silly cache add   name: 'mongo-query',
204 silly cache add   rawSpec: '0.5.7',
204 silly cache add   spec: '0.5.7',
204 silly cache add   type: 'version' }
205 silly addNamed mongo-query@0.5.7
206 verbose addNamed "0.5.7" is a plain semver version for mongo-query
207 silly mapToRegistry name mongo-query
208 silly mapToRegistry using default registry
209 silly mapToRegistry registry https://registry.npmjs.org/
210 silly mapToRegistry uri https://registry.npmjs.org/mongo-query
211 verbose addNameVersion registry:https://registry.npmjs.org/mongo-query not in flight; fetching
212 silly cache add args [ 'node-cryptojs-aes@0.4.0', null ]
213 verbose cache add spec node-cryptojs-aes@0.4.0
214 silly cache add parsed spec Result {
214 silly cache add   raw: 'node-cryptojs-aes@0.4.0',
214 silly cache add   scope: null,
214 silly cache add   name: 'node-cryptojs-aes',
214 silly cache add   rawSpec: '0.4.0',
214 silly cache add   spec: '0.4.0',
214 silly cache add   type: 'version' }
215 silly addNamed node-cryptojs-aes@0.4.0
216 verbose addNamed "0.4.0" is a plain semver version for node-cryptojs-aes
217 silly mapToRegistry name node-cryptojs-aes
218 silly mapToRegistry using default registry
219 silly mapToRegistry registry https://registry.npmjs.org/
220 silly mapToRegistry uri https://registry.npmjs.org/node-cryptojs-aes
221 verbose addNameVersion registry:https://registry.npmjs.org/node-cryptojs-aes not in flight; fetching
222 silly cache add args [ 'node-localstorage@0.5.1', null ]
223 verbose cache add spec node-localstorage@0.5.1
224 silly cache add parsed spec Result {
224 silly cache add   raw: 'node-localstorage@0.5.1',
224 silly cache add   scope: null,
224 silly cache add   name: 'node-localstorage',
224 silly cache add   rawSpec: '0.5.1',
224 silly cache add   spec: '0.5.1',
224 silly cache add   type: 'version' }
225 silly addNamed node-localstorage@0.5.1
226 verbose addNamed "0.5.1" is a plain semver version for node-localstorage
227 silly mapToRegistry name node-localstorage
228 silly mapToRegistry using default registry
229 silly mapToRegistry registry https://registry.npmjs.org/
230 silly mapToRegistry uri https://registry.npmjs.org/node-localstorage
231 verbose addNameVersion registry:https://registry.npmjs.org/node-localstorage not in flight; fetching
232 silly cache add args [ 'reqwest@1.1.5', null ]
233 verbose cache add spec reqwest@1.1.5
234 silly cache add parsed spec Result {
234 silly cache add   raw: 'reqwest@1.1.5',
234 silly cache add   scope: null,
234 silly cache add   name: 'reqwest',
234 silly cache add   rawSpec: '1.1.5',
234 silly cache add   spec: '1.1.5',
234 silly cache add   type: 'version' }
235 silly addNamed reqwest@1.1.5
236 verbose addNamed "1.1.5" is a plain semver version for reqwest
237 silly mapToRegistry name reqwest
238 silly mapToRegistry using default registry
239 silly mapToRegistry registry https://registry.npmjs.org/
240 silly mapToRegistry uri https://registry.npmjs.org/reqwest
241 verbose addNameVersion registry:https://registry.npmjs.org/reqwest not in flight; fetching
242 silly cache add args [ 'rsvp@3.0.17', null ]
243 verbose cache add spec rsvp@3.0.17
244 silly cache add parsed spec Result {
244 silly cache add   raw: 'rsvp@3.0.17',
244 silly cache add   scope: null,
244 silly cache add   name: 'rsvp',
244 silly cache add   rawSpec: '3.0.17',
244 silly cache add   spec: '3.0.17',
244 silly cache add   type: 'version' }
245 silly addNamed rsvp@3.0.17
246 verbose addNamed "3.0.17" is a plain semver version for rsvp
247 silly mapToRegistry name rsvp
248 silly mapToRegistry using default registry
249 silly mapToRegistry registry https://registry.npmjs.org/
250 silly mapToRegistry uri https://registry.npmjs.org/rsvp
251 verbose addNameVersion registry:https://registry.npmjs.org/rsvp not in flight; fetching
252 silly cache add args [ 'underscore@1.8.2', null ]
253 verbose cache add spec underscore@1.8.2
254 silly cache add parsed spec Result {
254 silly cache add   raw: 'underscore@1.8.2',
254 silly cache add   scope: null,
254 silly cache add   name: 'underscore',
254 silly cache add   rawSpec: '1.8.2',
254 silly cache add   spec: '1.8.2',
254 silly cache add   type: 'version' }
255 silly addNamed underscore@1.8.2
256 verbose addNamed "1.8.2" is a plain semver version for underscore
257 silly mapToRegistry name underscore
258 silly mapToRegistry using default registry
259 silly mapToRegistry registry https://registry.npmjs.org/
260 silly mapToRegistry uri https://registry.npmjs.org/underscore
261 verbose addNameVersion registry:https://registry.npmjs.org/underscore not in flight; fetching
262 silly cache add args [ 'json-stable-stringify@1.0.0', null ]
263 verbose cache add spec json-stable-stringify@1.0.0
264 silly cache add parsed spec Result {
264 silly cache add   raw: 'json-stable-stringify@1.0.0',
264 silly cache add   scope: null,
264 silly cache add   name: 'json-stable-stringify',
264 silly cache add   rawSpec: '1.0.0',
264 silly cache add   spec: '1.0.0',
264 silly cache add   type: 'version' }
265 silly addNamed json-stable-stringify@1.0.0
266 verbose addNamed "1.0.0" is a plain semver version for json-stable-stringify
267 silly mapToRegistry name json-stable-stringify
268 silly mapToRegistry using default registry
269 silly mapToRegistry registry https://registry.npmjs.org/
270 silly mapToRegistry uri https://registry.npmjs.org/json-stable-stringify
271 verbose addNameVersion registry:https://registry.npmjs.org/json-stable-stringify not in flight; fetching
272 silly cache add args [ 'jstimezonedetect@1.0.5', null ]
273 verbose cache add spec jstimezonedetect@1.0.5
274 silly cache add parsed spec Result {
274 silly cache add   raw: 'jstimezonedetect@1.0.5',
274 silly cache add   scope: null,
274 silly cache add   name: 'jstimezonedetect',
274 silly cache add   rawSpec: '1.0.5',
274 silly cache add   spec: '1.0.5',
274 silly cache add   type: 'version' }
275 silly addNamed jstimezonedetect@1.0.5
276 verbose addNamed "1.0.5" is a plain semver version for jstimezonedetect
277 silly mapToRegistry name jstimezonedetect
278 silly mapToRegistry using default registry
279 silly mapToRegistry registry https://registry.npmjs.org/
280 silly mapToRegistry uri https://registry.npmjs.org/jstimezonedetect
281 verbose addNameVersion registry:https://registry.npmjs.org/jstimezonedetect not in flight; fetching
282 silly cache add args [ 'mingo@github:vdininski/mingo', null ]
283 verbose cache add spec mingo@github:vdininski/mingo
284 verbose request uri https://registry.npmjs.org/mongo-query
285 verbose request no auth needed
286 info attempt registry request try #1 at 6:21:06 PM
287 http request GET https://registry.npmjs.org/mongo-query
288 verbose request uri https://registry.npmjs.org/node-cryptojs-aes
289 verbose request no auth needed
290 info attempt registry request try #1 at 6:21:06 PM
291 http request GET https://registry.npmjs.org/node-cryptojs-aes
292 verbose request uri https://registry.npmjs.org/node-localstorage
293 verbose request no auth needed
294 info attempt registry request try #1 at 6:21:06 PM
295 http request GET https://registry.npmjs.org/node-localstorage
296 verbose request uri https://registry.npmjs.org/reqwest
297 verbose request no auth needed
298 info attempt registry request try #1 at 6:21:06 PM
299 http request GET https://registry.npmjs.org/reqwest
300 verbose request uri https://registry.npmjs.org/json-stable-stringify
301 verbose request no auth needed
302 info attempt registry request try #1 at 6:21:06 PM
303 http request GET https://registry.npmjs.org/json-stable-stringify
304 verbose request uri https://registry.npmjs.org/jstimezonedetect
305 verbose request no auth needed
306 info attempt registry request try #1 at 6:21:06 PM
307 http request GET https://registry.npmjs.org/jstimezonedetect
308 silly cache add parsed spec Result {
308 silly cache add   raw: 'mingo@github:vdininski/mingo',
308 silly cache add   scope: null,
308 silly cache add   name: 'mingo',
308 silly cache add   rawSpec: 'github:vdininski/mingo',
308 silly cache add   spec: 'github:vdininski/mingo',
308 silly cache add   type: 'hosted',
308 silly cache add   hosted:
308 silly cache add    { type: 'github',
308 silly cache add      ssh: 'git@github.com:vdininski/mingo.git',
308 silly cache add      sshUrl: 'git+ssh://git@github.com/vdininski/mingo.git',
308 silly cache add      httpsUrl: 'git+https://github.com/vdininski/mingo.git',
308 silly cache add      gitUrl: 'git://github.com/vdininski/mingo.git',
308 silly cache add      shortcut: 'github:vdininski/mingo',
308 silly cache add      directUrl: 'https://raw.githubusercontent.com/vdininski/mingo/master/package.json' } }
309 verbose addRemoteGit caching github:vdininski/mingo
310 verbose addRemoteGit vdininski/mingo is a repository hosted by github
311 silly tryGitProto attempting to clone git://github.com/vdininski/mingo.git
312 silly tryClone cloning vdininski/mingo via git://github.com/vdininski/mingo.git
313 verbose tryClone git-github-com-vdininski-mingo-git-a7f2362d not in flight; caching
314 verbose makeDirectory C:\Users\iilant\AppData\Roaming\npm-cache\_git-remotes creation not in flight; initializing
315 verbose makeCacheDir UID & GID are irrelevant on win32
316 verbose request uri https://registry.npmjs.org/underscore
317 verbose request no auth needed
318 info attempt registry request try #1 at 6:21:06 PM
319 verbose etag "6W5I9U6EM7415LAVPKPFH6TGJ"
320 http request GET https://registry.npmjs.org/underscore
321 verbose request uri https://registry.npmjs.org/rsvp
322 verbose request no auth needed
323 info attempt registry request try #1 at 6:21:06 PM
324 verbose etag "AZLEGI5XPF2K2S9SCIO8BCRU8"
325 http request GET https://registry.npmjs.org/rsvp
326 verbose git clone --template=C:\Users\iilant\AppData\Roaming\npm-cache\_git-remotes\_templates --mirror git://github.com/vdininski/mingo.git C:\Users\iilant\AppData\Roaming\npm-cache\_git-remotes\git-github-com-vdininski-mingo-git-a7f2362d: undefined
326 verbose git clone --template=C:\Users\iilant\AppData\Roaming\npm-cache\_git-remotes\_templates --mirror git://github.com/vdininski/mingo.git C:\Users\iilant\AppData\Roaming\npm-cache\_git-remotes\git-github-com-vdininski-mingo-git-a7f2362d: undefined
327 silly tryHTTPS attempting to clone git+https://github.com/vdininski/mingo.git
328 silly tryClone cloning vdininski/mingo via git+https://github.com/vdininski/mingo.git
329 verbose tryClone https-github-com-vdininski-mingo-git-e0a5072b not in flight; caching
330 verbose git clone --template=C:\Users\iilant\AppData\Roaming\npm-cache\_git-remotes\_templates --mirror https://github.com/vdininski/mingo.git C:\Users\iilant\AppData\Roaming\npm-cache\_git-remotes\https-github-com-vdininski-mingo-git-e0a5072b: undefined
330 verbose git clone --template=C:\Users\iilant\AppData\Roaming\npm-cache\_git-remotes\_templates --mirror https://github.com/vdininski/mingo.git C:\Users\iilant\AppData\Roaming\npm-cache\_git-remotes\https-github-com-vdininski-mingo-git-e0a5072b: undefined
331 silly trySSH attempting to clone git@github.com:vdininski/mingo.git
332 silly tryClone cloning vdininski/mingo via git@github.com:vdininski/mingo.git
333 verbose tryClone git-github-com-vdininski-mingo-git-29b002f0 not in flight; caching
334 error git clone --template=C:\Users\iilant\AppData\Roaming\npm-cache\_git-remotes\_templates --mirror git@github.com:vdininski/mingo.git C:\Users\iilant\AppData\Roaming\npm-cache\_git-remotes\git-github-com-vdininski-mingo-git-29b002f0: undefined
334 error git clone --template=C:\Users\iilant\AppData\Roaming\npm-cache\_git-remotes\_templates --mirror git@github.com:vdininski/mingo.git C:\Users\iilant\AppData\Roaming\npm-cache\_git-remotes\git-github-com-vdininski-mingo-git-29b002f0: undefined
335 http 200 https://registry.npmjs.org/json-stable-stringify
336 verbose headers { server: 'CouchDB/1.5.0 (Erlang OTP/R16B03)',
336 verbose headers   etag: '"60SPYA4VNEFYNAVQR51G6M05Y"',
336 verbose headers   'content-type': 'application/json',
336 verbose headers   'cache-control': 'max-age=300',
336 verbose headers   'content-length': '14087',
336 verbose headers   'accept-ranges': 'bytes',
336 verbose headers   date: 'Sat, 20 Feb 2016 16:21:13 GMT',
336 verbose headers   via: '1.1 varnish',
336 verbose headers   age: '277',
336 verbose headers   connection: 'keep-alive',
336 verbose headers   'x-served-by': 'cache-fra1226-FRA',
336 verbose headers   'x-cache': 'HIT',
336 verbose headers   'x-cache-hits': '3',
336 verbose headers   'x-timer': 'S1455985273.469094,VS0,VE0',
336 verbose headers   vary: 'Accept' }
337 silly get cb [ 200,
337 silly get   { server: 'CouchDB/1.5.0 (Erlang OTP/R16B03)',
337 silly get     etag: '"60SPYA4VNEFYNAVQR51G6M05Y"',
337 silly get     'content-type': 'application/json',
337 silly get     'cache-control': 'max-age=300',
337 silly get     'content-length': '14087',
337 silly get     'accept-ranges': 'bytes',
337 silly get     date: 'Sat, 20 Feb 2016 16:21:13 GMT',
337 silly get     via: '1.1 varnish',
337 silly get     age: '277',
337 silly get     connection: 'keep-alive',
337 silly get     'x-served-by': 'cache-fra1226-FRA',
337 silly get     'x-cache': 'HIT',
337 silly get     'x-cache-hits': '3',
337 silly get     'x-timer': 'S1455985273.469094,VS0,VE0',
337 silly get     vary: 'Accept' } ]
338 verbose get saving json-stable-stringify to C:\Users\iilant\AppData\Roaming\npm-cache\registry.npmjs.org\json-stable-stringify\.cache.json
339 http 304 https://registry.npmjs.org/rsvp
340 verbose headers { date: 'Sat, 20 Feb 2016 16:21:13 GMT',
340 verbose headers   via: '1.1 varnish',
340 verbose headers   'cache-control': 'max-age=300',
340 verbose headers   etag: '"AZLEGI5XPF2K2S9SCIO8BCRU8"',
340 verbose headers   age: '62',
340 verbose headers   connection: 'keep-alive',
340 verbose headers   'x-served-by': 'cache-fra1230-FRA',
340 verbose headers   'x-cache': 'HIT',
340 verbose headers   'x-cache-hits': '1',
340 verbose headers   'x-timer': 'S1455985273.488833,VS0,VE0',
340 verbose headers   vary: 'Accept' }
341 silly get cb [ 304,
341 silly get   { date: 'Sat, 20 Feb 2016 16:21:13 GMT',
341 silly get     via: '1.1 varnish',
341 silly get     'cache-control': 'max-age=300',
341 silly get     etag: '"AZLEGI5XPF2K2S9SCIO8BCRU8"',
341 silly get     age: '62',
341 silly get     connection: 'keep-alive',
341 silly get     'x-served-by': 'cache-fra1230-FRA',
341 silly get     'x-cache': 'HIT',
341 silly get     'x-cache-hits': '1',
341 silly get     'x-timer': 'S1455985273.488833,VS0,VE0',
341 silly get     vary: 'Accept' } ]
342 verbose etag https://registry.npmjs.org/rsvp from cache
343 verbose get saving rsvp to C:\Users\iilant\AppData\Roaming\npm-cache\registry.npmjs.org\rsvp\.cache.json
344 silly mapToRegistry name json-stable-stringify
345 silly mapToRegistry using default registry
346 silly mapToRegistry registry https://registry.npmjs.org/
347 silly mapToRegistry uri https://registry.npmjs.org/json-stable-stringify
348 verbose addRemoteTarball https://registry.npmjs.org/json-stable-stringify/-/json-stable-stringify-1.0.0.tgz not in flight; adding
349 verbose addRemoteTarball [ 'https://registry.npmjs.org/json-stable-stringify/-/json-stable-stringify-1.0.0.tgz',
349 verbose addRemoteTarball   '5e26859cf49968cfa499533413443578ee04d251' ]
350 info retry fetch attempt 1 at 6:21:06 PM
351 info attempt registry request try #1 at 6:21:06 PM
352 http fetch GET https://registry.npmjs.org/json-stable-stringify/-/json-stable-stringify-1.0.0.tgz
353 http 200 https://registry.npmjs.org/node-localstorage
354 verbose headers { server: 'CouchDB/1.5.0 (Erlang OTP/R16B03)',
354 verbose headers   etag: '"B3OQWBIATRVCCUGLAF72YGJUV"',
354 verbose headers   'content-type': 'application/json',
354 verbose headers   'cache-control': 'max-age=300',
354 verbose headers   'content-length': '31024',
354 verbose headers   'accept-ranges': 'bytes',
354 verbose headers   date: 'Sat, 20 Feb 2016 16:21:13 GMT',
354 verbose headers   via: '1.1 varnish',
354 verbose headers   age: '140',
354 verbose headers   connection: 'keep-alive',
354 verbose headers   'x-served-by': 'cache-fra1226-FRA',
354 verbose headers   'x-cache': 'HIT',
354 verbose headers   'x-cache-hits': '1',
354 verbose headers   'x-timer': 'S1455985273.470132,VS0,VE0',
354 verbose headers   vary: 'Accept' }
355 silly get cb [ 200,
355 silly get   { server: 'CouchDB/1.5.0 (Erlang OTP/R16B03)',
355 silly get     etag: '"B3OQWBIATRVCCUGLAF72YGJUV"',
355 silly get     'content-type': 'application/json',
355 silly get     'cache-control': 'max-age=300',
355 silly get     'content-length': '31024',
355 silly get     'accept-ranges': 'bytes',
355 silly get     date: 'Sat, 20 Feb 2016 16:21:13 GMT',
355 silly get     via: '1.1 varnish',
355 silly get     age: '140',
355 silly get     connection: 'keep-alive',
355 silly get     'x-served-by': 'cache-fra1226-FRA',
355 silly get     'x-cache': 'HIT',
355 silly get     'x-cache-hits': '1',
355 silly get     'x-timer': 'S1455985273.470132,VS0,VE0',
355 silly get     vary: 'Accept' } ]
356 verbose get saving node-localstorage to C:\Users\iilant\AppData\Roaming\npm-cache\registry.npmjs.org\node-localstorage\.cache.json
357 http 200 https://registry.npmjs.org/underscore
358 verbose headers { server: 'CouchDB/1.5.0 (Erlang OTP/R16B03)',
358 verbose headers   etag: '"1ZIB8RAT6MHF5OKTID157K0AV"',
358 verbose headers   'content-type': 'application/json',
358 verbose headers   'cache-control': 'max-age=300',
358 verbose headers   'content-length': '42370',
358 verbose headers   'accept-ranges': 'bytes',
358 verbose headers   date: 'Sat, 20 Feb 2016 16:21:13 GMT',
358 verbose headers   via: '1.1 varnish',
358 verbose headers   age: '287',
358 verbose headers   connection: 'keep-alive',
358 verbose headers   'x-served-by': 'cache-fra1226-FRA',
358 verbose headers   'x-cache': 'HIT',
358 verbose headers   'x-cache-hits': '11',
358 verbose headers   'x-timer': 'S1455985273.484988,VS0,VE0',
358 verbose headers   vary: 'Accept' }
359 silly get cb [ 200,
359 silly get   { server: 'CouchDB/1.5.0 (Erlang OTP/R16B03)',
359 silly get     etag: '"1ZIB8RAT6MHF5OKTID157K0AV"',
359 silly get     'content-type': 'application/json',
359 silly get     'cache-control': 'max-age=300',
359 silly get     'content-length': '42370',
359 silly get     'accept-ranges': 'bytes',
359 silly get     date: 'Sat, 20 Feb 2016 16:21:13 GMT',
359 silly get     via: '1.1 varnish',
359 silly get     age: '287',
359 silly get     connection: 'keep-alive',
359 silly get     'x-served-by': 'cache-fra1226-FRA',
359 silly get     'x-cache': 'HIT',
359 silly get     'x-cache-hits': '11',
359 silly get     'x-timer': 'S1455985273.484988,VS0,VE0',
359 silly get     vary: 'Accept' } ]
360 verbose get saving underscore to C:\Users\iilant\AppData\Roaming\npm-cache\registry.npmjs.org\underscore\.cache.json
361 silly mapToRegistry name rsvp
362 silly mapToRegistry using default registry
363 silly mapToRegistry registry https://registry.npmjs.org/
364 silly mapToRegistry uri https://registry.npmjs.org/rsvp
365 verbose addRemoteTarball https://registry.npmjs.org/rsvp/-/rsvp-3.0.17.tgz not in flight; adding
366 verbose addRemoteTarball [ 'https://registry.npmjs.org/rsvp/-/rsvp-3.0.17.tgz',
366 verbose addRemoteTarball   'd0f7949f2b22aff60774b73f4b5d629cae057836' ]
367 info retry fetch attempt 1 at 6:21:06 PM
368 info attempt registry request try #1 at 6:21:06 PM
369 http fetch GET https://registry.npmjs.org/rsvp/-/rsvp-3.0.17.tgz
370 silly mapToRegistry name node-localstorage
371 silly mapToRegistry using default registry
372 silly mapToRegistry registry https://registry.npmjs.org/
373 silly mapToRegistry uri https://registry.npmjs.org/node-localstorage
374 verbose addRemoteTarball https://registry.npmjs.org/node-localstorage/-/node-localstorage-0.5.1.tgz not in flight; adding
375 verbose addRemoteTarball [ 'https://registry.npmjs.org/node-localstorage/-/node-localstorage-0.5.1.tgz',
375 verbose addRemoteTarball   '5ceb41ade8e4ac512ae6ad7a3d9caf62bd58051a' ]
376 silly mapToRegistry name underscore
377 silly mapToRegistry using default registry
378 silly mapToRegistry registry https://registry.npmjs.org/
379 silly mapToRegistry uri https://registry.npmjs.org/underscore
380 verbose addRemoteTarball https://registry.npmjs.org/underscore/-/underscore-1.8.2.tgz not in flight; adding
381 verbose addRemoteTarball [ 'https://registry.npmjs.org/underscore/-/underscore-1.8.2.tgz',
381 verbose addRemoteTarball   '64df2eb590899de950782f3735190ba42ebf311d' ]
382 info retry fetch attempt 1 at 6:21:06 PM
383 info attempt registry request try #1 at 6:21:06 PM
384 http fetch GET https://registry.npmjs.org/node-localstorage/-/node-localstorage-0.5.1.tgz
385 info retry fetch attempt 1 at 6:21:06 PM
386 info attempt registry request try #1 at 6:21:06 PM
387 http fetch GET https://registry.npmjs.org/underscore/-/underscore-1.8.2.tgz
388 http fetch 200 https://registry.npmjs.org/json-stable-stringify/-/json-stable-stringify-1.0.0.tgz
389 silly fetchAndShaCheck shasum 5e26859cf49968cfa499533413443578ee04d251
390 verbose addTmpTarball C:\Users\iilant\AppData\Local\Temp\npm-12796-bea44cb7\registry.npmjs.org\json-stable-stringify\-\json-stable-stringify-1.0.0.tgz not in flight; adding
391 verbose addTmpTarball already have metadata; skipping unpack for json-stable-stringify@1.0.0
392 silly cache afterAdd json-stable-stringify@1.0.0
393 verbose afterAdd C:\Users\iilant\AppData\Roaming\npm-cache\json-stable-stringify\1.0.0\package\package.json not in flight; writing
394 verbose afterAdd C:\Users\iilant\AppData\Roaming\npm-cache\json-stable-stringify\1.0.0\package\package.json written
395 http fetch 200 https://registry.npmjs.org/node-localstorage/-/node-localstorage-0.5.1.tgz
396 silly fetchAndShaCheck shasum 5ceb41ade8e4ac512ae6ad7a3d9caf62bd58051a
397 verbose addTmpTarball C:\Users\iilant\AppData\Local\Temp\npm-12796-bea44cb7\registry.npmjs.org\node-localstorage\-\node-localstorage-0.5.1.tgz not in flight; adding
398 verbose addTmpTarball already have metadata; skipping unpack for node-localstorage@0.5.1
399 silly cache afterAdd node-localstorage@0.5.1
400 verbose afterAdd C:\Users\iilant\AppData\Roaming\npm-cache\node-localstorage\0.5.1\package\package.json not in flight; writing
401 verbose afterAdd C:\Users\iilant\AppData\Roaming\npm-cache\node-localstorage\0.5.1\package\package.json written
402 http fetch 200 https://registry.npmjs.org/rsvp/-/rsvp-3.0.17.tgz
403 http fetch 200 https://registry.npmjs.org/underscore/-/underscore-1.8.2.tgz
404 silly fetchAndShaCheck shasum 64df2eb590899de950782f3735190ba42ebf311d
405 verbose addTmpTarball C:\Users\iilant\AppData\Local\Temp\npm-12796-bea44cb7\registry.npmjs.org\underscore\-\underscore-1.8.2.tgz not in flight; adding
406 verbose addTmpTarball already have metadata; skipping unpack for underscore@1.8.2
407 silly cache afterAdd underscore@1.8.2
408 verbose afterAdd C:\Users\iilant\AppData\Roaming\npm-cache\underscore\1.8.2\package\package.json not in flight; writing
409 verbose afterAdd C:\Users\iilant\AppData\Roaming\npm-cache\underscore\1.8.2\package\package.json written
410 http 200 https://registry.npmjs.org/node-cryptojs-aes
411 verbose headers { server: 'CouchDB/1.5.0 (Erlang OTP/R16B03)',
411 verbose headers   etag: '"EW37GHU0TZOO248YTYCR77TUL"',
411 verbose headers   'content-type': 'application/json',
411 verbose headers   'cache-control': 'max-age=300',
411 verbose headers   'content-length': '22505',
411 verbose headers   'accept-ranges': 'bytes',
411 verbose headers   date: 'Sat, 20 Feb 2016 16:21:13 GMT',
411 verbose headers   via: '1.1 varnish',
411 verbose headers   age: '0',
411 verbose headers   connection: 'keep-alive',
411 verbose headers   'x-served-by': 'cache-fra1240-FRA',
411 verbose headers   'x-cache': 'MISS',
411 verbose headers   'x-cache-hits': '0',
411 verbose headers   'x-timer': 'S1455985273.467576,VS0,VE365',
411 verbose headers   vary: 'Accept' }
412 silly get cb [ 200,
412 silly get   { server: 'CouchDB/1.5.0 (Erlang OTP/R16B03)',
412 silly get     etag: '"EW37GHU0TZOO248YTYCR77TUL"',
412 silly get     'content-type': 'application/json',
412 silly get     'cache-control': 'max-age=300',
412 silly get     'content-length': '22505',
412 silly get     'accept-ranges': 'bytes',
412 silly get     date: 'Sat, 20 Feb 2016 16:21:13 GMT',
412 silly get     via: '1.1 varnish',
412 silly get     age: '0',
412 silly get     connection: 'keep-alive',
412 silly get     'x-served-by': 'cache-fra1240-FRA',
412 silly get     'x-cache': 'MISS',
412 silly get     'x-cache-hits': '0',
412 silly get     'x-timer': 'S1455985273.467576,VS0,VE365',
412 silly get     vary: 'Accept' } ]
413 verbose get saving node-cryptojs-aes to C:\Users\iilant\AppData\Roaming\npm-cache\registry.npmjs.org\node-cryptojs-aes\.cache.json
414 silly mapToRegistry name node-cryptojs-aes
415 silly mapToRegistry using default registry
416 silly mapToRegistry registry https://registry.npmjs.org/
417 silly mapToRegistry uri https://registry.npmjs.org/node-cryptojs-aes
418 verbose addRemoteTarball https://registry.npmjs.org/node-cryptojs-aes/-/node-cryptojs-aes-0.4.0.tgz not in flight; adding
419 verbose addRemoteTarball [ 'https://registry.npmjs.org/node-cryptojs-aes/-/node-cryptojs-aes-0.4.0.tgz',
419 verbose addRemoteTarball   '64cfba80c1fbc9fac347c8eb2c2c12adbd3a8a07' ]
420 http 200 https://registry.npmjs.org/mongo-query
421 verbose headers { server: 'CouchDB/1.5.0 (Erlang OTP/R16B03)',
421 verbose headers   etag: '"2CXX05E5RSXJZHFA0E13O4J5X"',
421 verbose headers   'content-type': 'application/json',
421 verbose headers   'cache-control': 'max-age=300',
421 verbose headers   'content-length': '12408',
421 verbose headers   'accept-ranges': 'bytes',
421 verbose headers   date: 'Sat, 20 Feb 2016 16:21:13 GMT',
421 verbose headers   via: '1.1 varnish',
421 verbose headers   age: '0',
421 verbose headers   connection: 'keep-alive',
421 verbose headers   'x-served-by': 'cache-fra1239-FRA',
421 verbose headers   'x-cache': 'MISS',
421 verbose headers   'x-cache-hits': '0',
421 verbose headers   'x-timer': 'S1455985273.454409,VS0,VE431',
421 verbose headers   vary: 'Accept' }
422 silly get cb [ 200,
422 silly get   { server: 'CouchDB/1.5.0 (Erlang OTP/R16B03)',
422 silly get     etag: '"2CXX05E5RSXJZHFA0E13O4J5X"',
422 silly get     'content-type': 'application/json',
422 silly get     'cache-control': 'max-age=300',
422 silly get     'content-length': '12408',
422 silly get     'accept-ranges': 'bytes',
422 silly get     date: 'Sat, 20 Feb 2016 16:21:13 GMT',
422 silly get     via: '1.1 varnish',
422 silly get     age: '0',
422 silly get     connection: 'keep-alive',
422 silly get     'x-served-by': 'cache-fra1239-FRA',
422 silly get     'x-cache': 'MISS',
422 silly get     'x-cache-hits': '0',
422 silly get     'x-timer': 'S1455985273.454409,VS0,VE431',
422 silly get     vary: 'Accept' } ]
423 verbose get saving mongo-query to C:\Users\iilant\AppData\Roaming\npm-cache\registry.npmjs.org\mongo-query\.cache.json
424 info retry fetch attempt 1 at 6:21:06 PM
425 info attempt registry request try #1 at 6:21:06 PM
426 http fetch GET https://registry.npmjs.org/node-cryptojs-aes/-/node-cryptojs-aes-0.4.0.tgz
427 silly mapToRegistry name mongo-query
428 silly mapToRegistry using default registry
429 silly mapToRegistry registry https://registry.npmjs.org/
430 silly mapToRegistry uri https://registry.npmjs.org/mongo-query
431 verbose addRemoteTarball https://registry.npmjs.org/mongo-query/-/mongo-query-0.5.7.tgz not in flight; adding
432 verbose addRemoteTarball [ 'https://registry.npmjs.org/mongo-query/-/mongo-query-0.5.7.tgz',
432 verbose addRemoteTarball   'accf6d2a4cda959adc7bfb47f9297760f7275997' ]
433 silly fetchAndShaCheck shasum d0f7949f2b22aff60774b73f4b5d629cae057836
434 info retry fetch attempt 1 at 6:21:06 PM
435 info attempt registry request try #1 at 6:21:06 PM
436 http fetch GET https://registry.npmjs.org/mongo-query/-/mongo-query-0.5.7.tgz
437 verbose addTmpTarball C:\Users\iilant\AppData\Local\Temp\npm-12796-bea44cb7\registry.npmjs.org\rsvp\-\rsvp-3.0.17.tgz not in flight; adding
438 verbose addTmpTarball already have metadata; skipping unpack for rsvp@3.0.17
439 silly cache afterAdd rsvp@3.0.17
440 verbose afterAdd C:\Users\iilant\AppData\Roaming\npm-cache\rsvp\3.0.17\package\package.json not in flight; writing
441 verbose afterAdd C:\Users\iilant\AppData\Roaming\npm-cache\rsvp\3.0.17\package\package.json written
442 http fetch 200 https://registry.npmjs.org/mongo-query/-/mongo-query-0.5.7.tgz
443 http fetch 200 https://registry.npmjs.org/node-cryptojs-aes/-/node-cryptojs-aes-0.4.0.tgz
444 silly fetchAndShaCheck shasum accf6d2a4cda959adc7bfb47f9297760f7275997
445 verbose addTmpTarball C:\Users\iilant\AppData\Local\Temp\npm-12796-bea44cb7\registry.npmjs.org\mongo-query\-\mongo-query-0.5.7.tgz not in flight; adding
446 verbose addTmpTarball already have metadata; skipping unpack for mongo-query@0.5.7
447 silly cache afterAdd mongo-query@0.5.7
448 verbose afterAdd C:\Users\iilant\AppData\Roaming\npm-cache\mongo-query\0.5.7\package\package.json not in flight; writing
449 verbose afterAdd C:\Users\iilant\AppData\Roaming\npm-cache\mongo-query\0.5.7\package\package.json written
450 http 200 https://registry.npmjs.org/jstimezonedetect
451 verbose headers { server: 'CouchDB/1.5.0 (Erlang OTP/R16B03)',
451 verbose headers   etag: '"3PVJZU7JPLLV77V6DKAPQ078X"',
451 verbose headers   'content-type': 'application/json',
451 verbose headers   'cache-control': 'max-age=300',
451 verbose headers   'content-length': '6163',
451 verbose headers   'accept-ranges': 'bytes',
451 verbose headers   date: 'Sat, 20 Feb 2016 16:21:14 GMT',
451 verbose headers   via: '1.1 varnish',
451 verbose headers   age: '0',
451 verbose headers   connection: 'keep-alive',
451 verbose headers   'x-served-by': 'cache-fra1245-FRA',
451 verbose headers   'x-cache': 'MISS',
451 verbose headers   'x-cache-hits': '0',
451 verbose headers   'x-timer': 'S1455985273.469659,VS0,VE753',
451 verbose headers   vary: 'Accept' }
452 silly get cb [ 200,
452 silly get   { server: 'CouchDB/1.5.0 (Erlang OTP/R16B03)',
452 silly get     etag: '"3PVJZU7JPLLV77V6DKAPQ078X"',
452 silly get     'content-type': 'application/json',
452 silly get     'cache-control': 'max-age=300',
452 silly get     'content-length': '6163',
452 silly get     'accept-ranges': 'bytes',
452 silly get     date: 'Sat, 20 Feb 2016 16:21:14 GMT',
452 silly get     via: '1.1 varnish',
452 silly get     age: '0',
452 silly get     connection: 'keep-alive',
452 silly get     'x-served-by': 'cache-fra1245-FRA',
452 silly get     'x-cache': 'MISS',
452 silly get     'x-cache-hits': '0',
452 silly get     'x-timer': 'S1455985273.469659,VS0,VE753',
452 silly get     vary: 'Accept' } ]
453 verbose get saving jstimezonedetect to C:\Users\iilant\AppData\Roaming\npm-cache\registry.npmjs.org\jstimezonedetect\.cache.json
454 silly mapToRegistry name jstimezonedetect
455 silly mapToRegistry using default registry
456 silly mapToRegistry registry https://registry.npmjs.org/
457 silly mapToRegistry uri https://registry.npmjs.org/jstimezonedetect
458 verbose addRemoteTarball https://registry.npmjs.org/jstimezonedetect/-/jstimezonedetect-1.0.5.tgz not in flight; adding
459 verbose addRemoteTarball [ 'https://registry.npmjs.org/jstimezonedetect/-/jstimezonedetect-1.0.5.tgz',
459 verbose addRemoteTarball   '93d035cd20e8c7d64eb1375cf5aa7a10a024466a' ]
460 info retry fetch attempt 1 at 6:21:07 PM
461 info attempt registry request try #1 at 6:21:07 PM
462 http fetch GET https://registry.npmjs.org/jstimezonedetect/-/jstimezonedetect-1.0.5.tgz
463 silly fetchAndShaCheck shasum 64cfba80c1fbc9fac347c8eb2c2c12adbd3a8a07
464 verbose addTmpTarball C:\Users\iilant\AppData\Local\Temp\npm-12796-bea44cb7\registry.npmjs.org\node-cryptojs-aes\-\node-cryptojs-aes-0.4.0.tgz not in flight; adding
465 verbose addTmpTarball already have metadata; skipping unpack for node-cryptojs-aes@0.4.0
466 silly cache afterAdd node-cryptojs-aes@0.4.0
467 verbose afterAdd C:\Users\iilant\AppData\Roaming\npm-cache\node-cryptojs-aes\0.4.0\package\package.json not in flight; writing
468 verbose afterAdd C:\Users\iilant\AppData\Roaming\npm-cache\node-cryptojs-aes\0.4.0\package\package.json written
469 http fetch 200 https://registry.npmjs.org/jstimezonedetect/-/jstimezonedetect-1.0.5.tgz
470 silly fetchAndShaCheck shasum 93d035cd20e8c7d64eb1375cf5aa7a10a024466a
471 verbose addTmpTarball C:\Users\iilant\AppData\Local\Temp\npm-12796-bea44cb7\registry.npmjs.org\jstimezonedetect\-\jstimezonedetect-1.0.5.tgz not in flight; adding
472 verbose addTmpTarball already have metadata; skipping unpack for jstimezonedetect@1.0.5
473 silly cache afterAdd jstimezonedetect@1.0.5
474 verbose afterAdd C:\Users\iilant\AppData\Roaming\npm-cache\jstimezonedetect\1.0.5\package\package.json not in flight; writing
475 verbose afterAdd C:\Users\iilant\AppData\Roaming\npm-cache\jstimezonedetect\1.0.5\package\package.json written
476 http 200 https://registry.npmjs.org/reqwest
477 verbose headers { server: 'CouchDB/1.5.0 (Erlang OTP/R16B03)',
477 verbose headers   etag: '"7D9OKAGF1Q9L3XA0U71519V9A"',
477 verbose headers   'content-type': 'application/json',
477 verbose headers   'cache-control': 'max-age=300',
477 verbose headers   'content-length': '82984',
477 verbose headers   'accept-ranges': 'bytes',
477 verbose headers   date: 'Sat, 20 Feb 2016 16:21:14 GMT',
477 verbose headers   via: '1.1 varnish',
477 verbose headers   age: '0',
477 verbose headers   connection: 'keep-alive',
477 verbose headers   'x-served-by': 'cache-fra1226-FRA',
477 verbose headers   'x-cache': 'MISS',
477 verbose headers   'x-cache-hits': '0',
477 verbose headers   'x-timer': 'S1455985273.470897,VS0,VE1121',
477 verbose headers   vary: 'Accept' }
478 silly get cb [ 200,
478 silly get   { server: 'CouchDB/1.5.0 (Erlang OTP/R16B03)',
478 silly get     etag: '"7D9OKAGF1Q9L3XA0U71519V9A"',
478 silly get     'content-type': 'application/json',
478 silly get     'cache-control': 'max-age=300',
478 silly get     'content-length': '82984',
478 silly get     'accept-ranges': 'bytes',
478 silly get     date: 'Sat, 20 Feb 2016 16:21:14 GMT',
478 silly get     via: '1.1 varnish',
478 silly get     age: '0',
478 silly get     connection: 'keep-alive',
478 silly get     'x-served-by': 'cache-fra1226-FRA',
478 silly get     'x-cache': 'MISS',
478 silly get     'x-cache-hits': '0',
478 silly get     'x-timer': 'S1455985273.470897,VS0,VE1121',
478 silly get     vary: 'Accept' } ]
479 verbose get saving reqwest to C:\Users\iilant\AppData\Roaming\npm-cache\registry.npmjs.org\reqwest\.cache.json
480 silly mapToRegistry name reqwest
481 silly mapToRegistry using default registry
482 silly mapToRegistry registry https://registry.npmjs.org/
483 silly mapToRegistry uri https://registry.npmjs.org/reqwest
484 verbose addRemoteTarball https://registry.npmjs.org/reqwest/-/reqwest-1.1.5.tgz not in flight; adding
485 verbose addRemoteTarball [ 'https://registry.npmjs.org/reqwest/-/reqwest-1.1.5.tgz',
485 verbose addRemoteTarball   'eb756d96dbaf0819ce51f27a7c0837711e468c12' ]
486 info retry fetch attempt 1 at 6:21:07 PM
487 info attempt registry request try #1 at 6:21:07 PM
488 http fetch GET https://registry.npmjs.org/reqwest/-/reqwest-1.1.5.tgz
489 http fetch 200 https://registry.npmjs.org/reqwest/-/reqwest-1.1.5.tgz
490 silly fetchAndShaCheck shasum eb756d96dbaf0819ce51f27a7c0837711e468c12
491 verbose addTmpTarball C:\Users\iilant\AppData\Local\Temp\npm-12796-bea44cb7\registry.npmjs.org\reqwest\-\reqwest-1.1.5.tgz not in flight; adding
492 verbose addTmpTarball already have metadata; skipping unpack for reqwest@1.1.5
493 silly cache afterAdd reqwest@1.1.5
494 verbose afterAdd C:\Users\iilant\AppData\Roaming\npm-cache\reqwest\1.1.5\package\package.json not in flight; writing
495 verbose afterAdd C:\Users\iilant\AppData\Roaming\npm-cache\reqwest\1.1.5\package\package.json written
496 verbose about to build C:\Users\iilant\Desktop\MapTrip\MapTrip\MapTrip\node_modules\everlive-sdk
497 verbose unlock done using C:\Users\iilant\AppData\Roaming\npm-cache\_locks\everlive-sdk-019eed9c73bb0552.lock for C:\Users\iilant\Desktop\MapTrip\MapTrip\MapTrip\node_modules\everlive-sdk
498 verbose stack Error: not found: git
498 verbose stack     at F (C:\Program Files\nodejs\node_modules\npm\node_modules\which\which.js:78:19)
498 verbose stack     at E (C:\Program Files\nodejs\node_modules\npm\node_modules\which\which.js:82:29)
498 verbose stack     at C:\Program Files\nodejs\node_modules\npm\node_modules\which\which.js:93:16
498 verbose stack     at FSReqWrap.oncomplete (fs.js:82:15)
499 verbose cwd C:\Users\iilant\Desktop\MapTrip\MapTrip\MapTrip
500 error Windows_NT 10.0.10586
501 error argv "C:\\Program Files\\nodejs\\node.exe" "C:\\Program Files\\nodejs\\node_modules\\npm\\bin\\npm-cli.js" "install" "everlive-sdk"
502 error node v4.2.4
503 error npm  v2.14.12
504 error code ENOGIT
505 error not found: git
506 error Failed using git.
506 error This is most likely not a problem with npm itself.
506 error Please check if you have git installed and in your PATH.
507 verbose exit [ 1, true ]
508 verbose unbuild node_modules\everlive-sdk
509 info preuninstall everlive-sdk@1.6.6
510 info uninstall everlive-sdk@1.6.6
511 verbose unbuild rmStuff everlive-sdk@1.6.6 from C:\Users\iilant\Desktop\MapTrip\MapTrip\MapTrip\node_modules
512 info postuninstall everlive-sdk@1.6.6
513 silly gentlyRm C:\Users\iilant\Desktop\MapTrip\MapTrip\MapTrip\node_modules\everlive-sdk is being purged from base C:\Users\iilant\Desktop\MapTrip\MapTrip\MapTrip
514 verbose gentlyRm don't care about contents; nuking C:\Users\iilant\Desktop\MapTrip\MapTrip\MapTrip\node_modules\everlive-sdk
515 silly vacuum-fs purging C:\Users\iilant\Desktop\MapTrip\MapTrip\MapTrip\node_modules\everlive-sdk
516 silly vacuum-fs quitting because other entries in C:\Users\iilant\Desktop\MapTrip\MapTrip\MapTrip\node_modules
